Time: 31-10-2018 07:10:18Mage_Core_Controller_Request_Http Object
(
    [_originalPathInfo:protected] => /newsletter/subscriber/new/
    [_storeCode:protected] => 
    [_requestString:protected] => /newsletter/subscriber/new/
    [_rewritedPathInfo:protected] => 
    [_requestedRouteName:protected] => 
    [_routingInfo:protected] => Array
        (
        )

    [_route:protected] => newsletter
    [_directFrontNames:protected] => 
    [_controllerModule:protected] => Mage_Newsletter
    [_isStraight:protected] => 
    [_beforeForwardInfo:protected] => Array
        (
        )

    [_internallyForwarded:protected] => 
    [_paramSources:protected] => Array
        (
            [0] => _GET
            [1] => _POST
        )

    [_requestUri:protected] => /newsletter/subscriber/new/
    [_baseUrl:protected] => 
    [_basePath:protected] => 
    [_pathInfo:protected] => /newsletter/subscriber/new/
    [_params:protected] => Array
        (
        )

    [_rawBody:protected] => 
    [_aliases:protected] => Array
        (
        )

    [_dispatched:protected] => 1
    [_module:protected] => newsletter
    [_moduleKey:protected] => module
    [_controller:protected] => subscriber
    [_controllerKey:protected] => controller
    [_action:protected] => new
    [_actionKey:protected] => action
)
 
Time: 31-10-2018 07:10:52Mage_Core_Controller_Request_Http Object
(
    [_originalPathInfo:protected] => /newsletter/subscriber/new/
    [_storeCode:protected] => 
    [_requestString:protected] => /newsletter/subscriber/new/
    [_rewritedPathInfo:protected] => 
    [_requestedRouteName:protected] => 
    [_routingInfo:protected] => Array
        (
        )

    [_route:protected] => newsletter
    [_directFrontNames:protected] => 
    [_controllerModule:protected] => Mage_Newsletter
    [_isStraight:protected] => 
    [_beforeForwardInfo:protected] => Array
        (
        )

    [_internallyForwarded:protected] => 
    [_paramSources:protected] => Array
        (
            [0] => _GET
            [1] => _POST
        )

    [_requestUri:protected] => /newsletter/subscriber/new/
    [_baseUrl:protected] => 
    [_basePath:protected] => 
    [_pathInfo:protected] => /newsletter/subscriber/new/
    [_params:protected] => Array
        (
        )

    [_rawBody:protected] => 
    [_aliases:protected] => Array
        (
        )

    [_dispatched:protected] => 1
    [_module:protected] => newsletter
    [_moduleKey:protected] => module
    [_controller:protected] => subscriber
    [_controllerKey:protected] => controller
    [_action:protected] => new
    [_actionKey:protected] => action
)
 
Time: 31-10-2018 07:10:55Mage_Core_Controller_Request_Http Object
(
    [_originalPathInfo:protected] => /newsletter/subscriber/new/
    [_storeCode:protected] => 
    [_requestString:protected] => /newsletter/subscriber/new/
    [_rewritedPathInfo:protected] => 
    [_requestedRouteName:protected] => 
    [_routingInfo:protected] => Array
        (
        )

    [_route:protected] => newsletter
    [_directFrontNames:protected] => 
    [_controllerModule:protected] => Mage_Newsletter
    [_isStraight:protected] => 
    [_beforeForwardInfo:protected] => Array
        (
        )

    [_internallyForwarded:protected] => 
    [_paramSources:protected] => Array
        (
            [0] => _GET
            [1] => _POST
        )

    [_requestUri:protected] => /newsletter/subscriber/new/
    [_baseUrl:protected] => 
    [_basePath:protected] => 
    [_pathInfo:protected] => /newsletter/subscriber/new/
    [_params:protected] => Array
        (
        )

    [_rawBody:protected] => 
    [_aliases:protected] => Array
        (
        )

    [_dispatched:protected] => 1
    [_module:protected] => newsletter
    [_moduleKey:protected] => module
    [_controller:protected] => subscriber
    [_controllerKey:protected] => controller
    [_action:protected] => new
    [_actionKey:protected] => action
)
 
Time: 31-10-2018 07:10:56Mage_Core_Controller_Request_Http Object
(
    [_originalPathInfo:protected] => /newsletter/subscriber/new/
    [_storeCode:protected] => 
    [_requestString:protected] => /newsletter/subscriber/new/
    [_rewritedPathInfo:protected] => 
    [_requestedRouteName:protected] => 
    [_routingInfo:protected] => Array
        (
        )

    [_route:protected] => newsletter
    [_directFrontNames:protected] => 
    [_controllerModule:protected] => Mage_Newsletter
    [_isStraight:protected] => 
    [_beforeForwardInfo:protected] => Array
        (
        )

    [_internallyForwarded:protected] => 
    [_paramSources:protected] => Array
        (
            [0] => _GET
            [1] => _POST
        )

    [_requestUri:protected] => /newsletter/subscriber/new/
    [_baseUrl:protected] => 
    [_basePath:protected] => 
    [_pathInfo:protected] => /newsletter/subscriber/new/
    [_params:protected] => Array
        (
        )

    [_rawBody:protected] => 
    [_aliases:protected] => Array
        (
        )

    [_dispatched:protected] => 1
    [_module:protected] => newsletter
    [_moduleKey:protected] => module
    [_controller:protected] => subscriber
    [_controllerKey:protected] => controller
    [_action:protected] => new
    [_actionKey:protected] => action
)
 
Time: 31-10-2018 07:10:56Mage_Core_Controller_Request_Http Object
(
    [_originalPathInfo:protected] => /newsletter/subscriber/new/
    [_storeCode:protected] => 
    [_requestString:protected] => /newsletter/subscriber/new/
    [_rewritedPathInfo:protected] => 
    [_requestedRouteName:protected] => 
    [_routingInfo:protected] => Array
        (
        )

    [_route:protected] => newsletter
    [_directFrontNames:protected] => 
    [_controllerModule:protected] => Mage_Newsletter
    [_isStraight:protected] => 
    [_beforeForwardInfo:protected] => Array
        (
        )

    [_internallyForwarded:protected] => 
    [_paramSources:protected] => Array
        (
            [0] => _GET
            [1] => _POST
        )

    [_requestUri:protected] => /newsletter/subscriber/new/
    [_baseUrl:protected] => 
    [_basePath:protected] => 
    [_pathInfo:protected] => /newsletter/subscriber/new/
    [_params:protected] => Array
        (
        )

    [_rawBody:protected] => 
    [_aliases:protected] => Array
        (
        )

    [_dispatched:protected] => 1
    [_module:protected] => newsletter
    [_moduleKey:protected] => module
    [_controller:protected] => subscriber
    [_controllerKey:protected] => controller
    [_action:protected] => new
    [_actionKey:protected] => action
)
 
Time: 31-10-2018 08:10:03Mage_Core_Controller_Request_Http Object
(
    [_originalPathInfo:protected] => /newsletter/subscriber/new/
    [_storeCode:protected] => 
    [_requestString:protected] => /newsletter/subscriber/new/
    [_rewritedPathInfo:protected] => 
    [_requestedRouteName:protected] => 
    [_routingInfo:protected] => Array
        (
        )

    [_route:protected] => newsletter
    [_directFrontNames:protected] => 
    [_controllerModule:protected] => Mage_Newsletter
    [_isStraight:protected] => 
    [_beforeForwardInfo:protected] => Array
        (
        )

    [_internallyForwarded:protected] => 
    [_paramSources:protected] => Array
        (
            [0] => _GET
            [1] => _POST
        )

    [_requestUri:protected] => /newsletter/subscriber/new/
    [_baseUrl:protected] => 
    [_basePath:protected] => 
    [_pathInfo:protected] => /newsletter/subscriber/new/
    [_params:protected] => Array
        (
        )

    [_rawBody:protected] => 
    [_aliases:protected] => Array
        (
        )

    [_dispatched:protected] => 1
    [_module:protected] => newsletter
    [_moduleKey:protected] => module
    [_controller:protected] => subscriber
    [_controllerKey:protected] => controller
    [_action:protected] => new
    [_actionKey:protected] => action
)
 
